0 info it worked if it ends with ok
1 verbose cli [ 'C:\\Program Files\\nodejs\\\\node.exe',
1 verbose cli   'C:\\Program Files\\nodejs\\node_modules\\npm\\bin\\npm-cli.js',
1 verbose cli   'install' ]
2 info using npm@1.4.28
3 info using node@v0.10.32
4 verbose node symlink C:\Program Files\nodejs\\node.exe
5 verbose readDependencies using package.json deps
6 verbose install where, deps [ 'D:\\myblog',
6 verbose install   [ 'express',
6 verbose install     'body-parser',
6 verbose install     'cookie-parser',
6 verbose install     'morgan',
6 verbose install     'serve-favicon',
6 verbose install     'debug',
6 verbose install     'ejs',
6 verbose install     'mongodb' ] ]
7 info preinstall myblog@0.0.0
8 verbose readDependencies using package.json deps
9 verbose already installed skipping express@~4.9.0 D:\myblog
10 verbose already installed skipping body-parser@~1.8.1 D:\myblog
11 verbose already installed skipping cookie-parser@~1.3.3 D:\myblog
12 verbose already installed skipping morgan@~1.3.0 D:\myblog
13 verbose already installed skipping serve-favicon@~2.1.3 D:\myblog
14 verbose already installed skipping debug@~2.0.0 D:\myblog
15 verbose already installed skipping ejs@~0.8.5 D:\myblog
16 verbose cache add [ 'mongodb@~2.4', null ]
17 verbose cache add name=undefined spec="mongodb@~2.4" args=["mongodb@~2.4",null]
18 verbose parsed url { protocol: null,
18 verbose parsed url   slashes: null,
18 verbose parsed url   auth: null,
18 verbose parsed url   host: null,
18 verbose parsed url   port: null,
18 verbose parsed url   hostname: null,
18 verbose parsed url   hash: null,
18 verbose parsed url   search: null,
18 verbose parsed url   query: null,
18 verbose parsed url   pathname: 'mongodb@~2.4',
18 verbose parsed url   path: 'mongodb@~2.4',
18 verbose parsed url   href: 'mongodb@~2.4' }
19 verbose cache add name="mongodb" spec="~2.4" args=["mongodb","~2.4"]
20 verbose parsed url { protocol: null,
20 verbose parsed url   slashes: null,
20 verbose parsed url   auth: null,
20 verbose parsed url   host: null,
20 verbose parsed url   port: null,
20 verbose parsed url   hostname: null,
20 verbose parsed url   hash: null,
20 verbose parsed url   search: null,
20 verbose parsed url   query: null,
20 verbose parsed url   pathname: '~2.4',
20 verbose parsed url   path: '~2.4',
20 verbose parsed url   href: '~2.4' }
21 verbose addNamed [ 'mongodb', '~2.4' ]
22 verbose addNamed [ null, '>=2.4.0-0 <2.5.0-0' ]
23 silly lockFile c5189d67-mongodb-2-4 mongodb@~2.4
24 verbose lock mongodb@~2.4 C:\Users\vicky\AppData\Roaming\npm-cache\c5189d67-mongodb-2-4.lock
25 silly addNameRange { name: 'mongodb', range: '>=2.4.0-0 <2.5.0-0', hasData: false }
26 verbose request where is /mongodb
27 verbose request registry https://registry.npmjs.org/
28 verbose request id 915bdf0e783cdfc0
29 verbose url raw /mongodb
30 verbose url resolving [ 'https://registry.npmjs.org/', './mongodb' ]
31 verbose url resolved https://registry.npmjs.org/mongodb
32 verbose request where is https://registry.npmjs.org/mongodb
33 info trying registry request attempt 1 at 15:32:02
34 verbose etag "3PMYUDP3ZUO9KTI73XADWKVNH"
35 http GET https://registry.npmjs.org/mongodb
36 http 304 https://registry.npmjs.org/mongodb
37 silly registry.get cb [ 304,
37 silly registry.get   { date: 'Mon, 06 Oct 2014 07:32:48 GMT',
37 silly registry.get     server: 'Apache',
37 silly registry.get     via: '1.1 varnish',
37 silly registry.get     'last-modified': 'Mon, 06 Oct 2014 07:32:48 GMT',
37 silly registry.get     'cache-control': 'max-age=60',
37 silly registry.get     etag: '"3PMYUDP3ZUO9KTI73XADWKVNH"',
37 silly registry.get     'x-served-by': 'cache-sjc3131-SJC',
37 silly registry.get     'x-cache': 'HIT',
37 silly registry.get     'x-cache-hits': '1',
37 silly registry.get     'x-timer': 'S1412580768.335590,VS0,VE1',
37 silly registry.get     vary: 'Accept',
37 silly registry.get     'content-length': '0',
37 silly registry.get     'keep-alive': 'timeout=10, max=50',
37 silly registry.get     connection: 'Keep-Alive' } ]
38 verbose etag https://registry.npmjs.org/mongodb from cache
39 silly addNameRange number 2 { name: 'mongodb', range: '>=2.4.0-0 <2.5.0-0', hasData: true }
40 silly addNameRange versions [ 'mongodb',
40 silly addNameRange   [ '0.9.4',
40 silly addNameRange     '0.9.4-4',
40 silly addNameRange     '0.9.3',
40 silly addNameRange     '0.9.1',
40 silly addNameRange     '0.9.2',
40 silly addNameRange     '0.9.6-7',
40 silly addNameRange     '0.9.6-8',
40 silly addNameRange     '0.9.6-9',
40 silly addNameRange     '0.9.6-10',
40 silly addNameRange     '0.9.6-11',
40 silly addNameRange     '0.9.6-12',
40 silly addNameRange     '0.9.6-13',
40 silly addNameRange     '0.9.6-14',
40 silly addNameRange     '0.9.6-15',
40 silly addNameRange     '0.9.6-16',
40 silly addNameRange     '0.9.6-17',
40 silly addNameRange     '0.9.6-18',
40 silly addNameRange     '0.9.6-19',
40 silly addNameRange     '0.9.6-20',
40 silly addNameRange     '0.9.6-21',
40 silly addNameRange     '0.9.6-22',
40 silly addNameRange     '0.9.6-23',
40 silly addNameRange     '0.9.7',
40 silly addNameRange     '0.9.7-0',
40 silly addNameRange     '0.9.7-1',
40 silly addNameRange     '0.9.7-1.1',
40 silly addNameRange     '0.9.7-1.2',
40 silly addNameRange     '0.9.7-1.3',
40 silly addNameRange     '0.9.7-1.4',
40 silly addNameRange     '0.9.7-2',
40 silly addNameRange     '0.9.7-2-1',
40 silly addNameRange     '0.9.7-2-2',
40 silly addNameRange     '0.9.7-2-3',
40 silly addNameRange     '0.9.7-2-4',
40 silly addNameRange     '0.9.7-2-5',
40 silly addNameRange     '0.9.7-3',
40 silly addNameRange     '0.9.7-3-1',
40 silly addNameRange     '0.9.7-3-2',
40 silly addNameRange     '0.9.7-3-3',
40 silly addNameRange     '0.9.7-3-4',
40 silly addNameRange     '0.9.7-3-5',
40 silly addNameRange     '0.9.8',
40 silly addNameRange     '0.9.8-1',
40 silly addNameRange     '0.9.8-2',
40 silly addNameRange     '0.9.8-3',
40 silly addNameRange     '0.9.8-4',
40 silly addNameRange     '0.9.8-5',
40 silly addNameRange     '0.9.8-6',
40 silly addNameRange     '0.9.8-7',
40 silly addNameRange     '0.9.9',
40 silly addNameRange     '0.9.9-1',
40 silly addNameRange     '0.9.9-2',
40 silly addNameRange     '0.9.9-3',
40 silly addNameRange     '0.9.9-4',
40 silly addNameRange     '0.9.9-5',
40 silly addNameRange     '0.9.9-6',
40 silly addNameRange     '0.9.9-7',
40 silly addNameRange     '0.9.9-8',
40 silly addNameRange     '1.0.0',
40 silly addNameRange     '1.0.1',
40 silly addNameRange     '1.0.2',
40 silly addNameRange     '1.1.0-beta',
40 silly addNameRange     '1.1.0',
40 silly addNameRange     '1.1.1',
40 silly addNameRange     '1.1.2',
40 silly addNameRange     '1.1.3',
40 silly addNameRange     '1.1.4',
40 silly addNameRange     '1.1.5',
40 silly addNameRange     '1.1.6',
40 silly addNameRange     '1.1.7',
40 silly addNameRange     '1.1.8',
40 silly addNameRange     '1.1.9',
40 silly addNameRange     '1.1.10',
40 silly addNameRange     '1.1.11',
40 silly addNameRange     '1.2.0',
40 silly addNameRange     '1.2.1',
40 silly addNameRange     '1.2.2',
40 silly addNameRange     '1.2.3',
40 silly addNameRange     '1.2.4',
40 silly addNameRange     '1.2.5',
40 silly addNameRange     '1.2.6',
40 silly addNameRange     '1.2.7',
40 silly addNameRange     '1.2.8',
40 silly addNameRange     '1.2.9',
40 silly addNameRange     '1.2.10',
40 silly addNameRange     '1.2.11',
40 silly addNameRange     '1.2.12',
40 silly addNameRange     '1.2.13',
40 silly addNameRange     '1.2.14',
40 silly addNameRange     '1.3.0',
40 silly addNameRange     '1.3.1',
40 silly addNameRange     '1.3.2',
40 silly addNameRange     '1.3.3',
40 silly addNameRange     '1.3.4',
40 silly addNameRange     '1.3.5',
40 silly addNameRange     '1.3.6',
40 silly addNameRange     '1.3.7',
40 silly addNameRange     '1.3.8',
40 silly addNameRange     '1.3.9',
40 silly addNameRange     '1.3.10',
40 silly addNameRange     '1.3.11',
40 silly addNameRange     '1.3.12',
40 silly addNameRange     '1.3.14',
40 silly addNameRange     '1.3.15',
40 silly addNameRange     '1.3.17',
40 silly addNameRange     '1.3.18',
40 silly addNameRange     '1.3.19',
40 silly addNameRange     '1.4.0-rc2',
40 silly addNameRange     '1.3.20',
40 silly addNameRange     '1.4.0-rc3',
40 silly addNameRange     '1.3.21',
40 silly addNameRange     '1.3.22',
40 silly addNameRange     '1.3.23',
40 silly addNameRange     '1.4.0-rc4',
40 silly addNameRange     '1.4.0-rc5',
40 silly addNameRange     '1.4.0-rc6',
40 silly addNameRange     '1.4.0-rc7',
40 silly addNameRange     '1.4.0-rc8',
40 silly addNameRange     '1.4.0-rc9',
40 silly addNameRange     '1.4.0-rc10',
40 silly addNameRange     '1.4.0',
40 silly addNameRange     '1.4.1',
40 silly addNameRange     '1.4.2',
40 silly addNameRange     '1.4.3',
40 silly addNameRange     '1.4.4',
40 silly addNameRange     '1.4.5',
40 silly addNameRange     '1.4.6',
40 silly addNameRange     '1.4.7',
40 silly addNameRange     '1.4.8',
40 silly addNameRange     '1.4.9',
40 silly addNameRange     '1.4.10',
40 silly addNameRange     '2.0.0-alpha1',
40 silly addNameRange     '1.4.11',
40 silly addNameRange     '1.4.12',
40 silly addNameRange     '1.4.14',
40 silly addNameRange     '1.4.15',
40 silly addNameRange     '1.4.16',
40 silly addNameRange     '1.4.17',
40 silly addNameRange     '2.0.0-alpha2',
40 silly addNameRange     '1.4.18' ] ]
41 silly lockFile c5189d67-mongodb-2-4 mongodb@~2.4
42 silly lockFile c5189d67-mongodb-2-4 mongodb@~2.4
43 error notarget No compatible version found: mongodb@'>=2.4.0-0 <2.5.0-0'
43 error notarget Valid install targets:
43 error notarget ["0.9.4","0.9.4-4","0.9.3","0.9.1","0.9.2","0.9.6-7","0.9.6-8","0.9.6-9","0.9.6-10","0.9.6-11","0.9.6-12","0.9.6-13","0.9.6-14","0.9.6-15","0.9.6-16","0.9.6-17","0.9.6-18","0.9.6-19","0.9.6-20","0.9.6-21","0.9.6-22","0.9.6-23","0.9.7","0.9.7-0","0.9.7-1","0.9.7-1.1","0.9.7-1.2","0.9.7-1.3","0.9.7-1.4","0.9.7-2","0.9.7-2-1","0.9.7-2-2","0.9.7-2-3","0.9.7-2-4","0.9.7-2-5","0.9.7-3","0.9.7-3-1","0.9.7-3-2","0.9.7-3-3","0.9.7-3-4","0.9.7-3-5","0.9.8","0.9.8-1","0.9.8-2","0.9.8-3","0.9.8-4","0.9.8-5","0.9.8-6","0.9.8-7","0.9.9","0.9.9-1","0.9.9-2","0.9.9-3","0.9.9-4","0.9.9-5","0.9.9-6","0.9.9-7","0.9.9-8","1.0.0","1.0.1","1.0.2","1.1.0-beta","1.1.0","1.1.1","1.1.2","1.1.3","1.1.4","1.1.5","1.1.6","1.1.7","1.1.8","1.1.9","1.1.10","1.1.11","1.2.0","1.2.1","1.2.2","1.2.3","1.2.4","1.2.5","1.2.6","1.2.7","1.2.8","1.2.9","1.2.10","1.2.11","1.2.12","1.2.13","1.2.14","1.3.0","1.3.1","1.3.2","1.3.3","1.3.4","1.3.5","1.3.6","1.3.7","1.3.8","1.3.9","1.3.10","1.3.11","1.3.12","1.3.14","1.3.15","1.3.17","1.3.18","1.3.19","1.4.0-rc2","1.3.20","1.4.0-rc3","1.3.21","1.3.22","1.3.23","1.4.0-rc4","1.4.0-rc5","1.4.0-rc6","1.4.0-rc7","1.4.0-rc8","1.4.0-rc9","1.4.0-rc10","1.4.0","1.4.1","1.4.2","1.4.3","1.4.4","1.4.5","1.4.6","1.4.7","1.4.8","1.4.9","1.4.10","2.0.0-alpha1","1.4.11","1.4.12","1.4.14","1.4.15","1.4.16","1.4.17","2.0.0-alpha2","1.4.18"]
43 error notarget
43 error notarget This is most likely not a problem with npm itself.
43 error notarget In most cases you or one of your dependencies are requesting
43 error notarget a package version that doesn't exist.
44 error System Windows_NT 6.1.7601
45 error command "C:\\Program Files\\nodejs\\\\node.exe" "C:\\Program Files\\nodejs\\node_modules\\npm\\bin\\npm-cli.js" "install"
46 error cwd D:\myblog
47 error node -v v0.10.32
48 error npm -v 1.4.28
49 error code ETARGET
50 verbose exit [ 1, true ]
